error: line 17: Undeclared variable
Compilation finished.

program
   declList
      declList
         declList
            declList
               declList
                  decl
                     varDecl
                        typeSpecifier,int
                        identifier,i
               decl
                  funDecl
                     funcTypeName
                        typeSpecifier,int
                        identifier,globVarOK
                     funBody
                        statementList
                           statement
                              assignStmt
                                 expression
                                    addExpr
                                       term
                                          factor
                                             var
                                                identifier,i
            decl
               funDecl
                  funcTypeName
                     typeSpecifier,void
                     identifier,locVarOK
                  funBody
                     localDeclList
                        varDecl
                           typeSpecifier,int
                           identifier,c
                     statementList
                        statement
                           assignStmt
                              expression
                                 addExpr
                                    term
                                       factor
                                          var
                                             identifier,c
         decl
            funDecl
               funcTypeName
                  typeSpecifier,void
                  identifier,paramOK
               formalDeclList
                  formalDecl
                     typeSpecifier,int
                     identifier,q
               funBody
                  statementList
                     statement
                        assignStmt
                           expression
                              addExpr
                                 term
                                    factor
                                       var
                                          identifier,q
      decl
         funDecl
            funcTypeName
               typeSpecifier,void
               identifier,undecl
            funBody
               statementList
                  statement
                     assignStmt
                        expression
                           addExpr
                              term
                                 factor
                                    var
                                       identifier,undeclared variable
